#
# There is insufficient memory for the Java Runtime Environment to continue.
# Native memory allocation (mmap) failed to map 58720256 bytes for G1 virtual space
# Possible reasons:
#   The system is out of physical RAM or swap space
#   The process is running with CompressedOops enabled, and the Java Heap may be blocking the growth of the native heap
# Possible solutions:
#   Reduce memory load on the system
#   Increase physical memory or swap space
#   Check if swap backing store is full
#   Decrease Java heap size (-Xmx/-Xms)
#   Decrease number of Java threads
#   Decrease Java thread stack sizes (-Xss)
#   Set larger code cache with -XX:ReservedCodeCacheSize=
#   JVM is running with Unscaled Compressed Oops mode in which the Java heap is
#     placed in the first 4GB address space. The Java Heap base address is the
#     maximum limit for the native heap growth. Please use -XX:HeapBaseMinAddress
#     to set the Java Heap base and to place the Java Heap above 4GB virtual address.
# This output file may be truncated or incomplete.
#
#  Out of Memory Error (os_windows.cpp:3469), pid=8072, tid=1296
#
# JRE version: OpenJDK Runtime Environment Temurin-17.0.1+12 (17.0.1+12) (build 17.0.1+12)
# Java VM: OpenJDK 64-Bit Server VM Temurin-17.0.1+12 (17.0.1+12, mixed mode, emulated-client, tiered, compressed oops, compressed class ptrs, g1 gc, windows-amd64)
# No core dump will be written. Minidumps are not enabled by default on client versions of Windows
#

---------------  S U M M A R Y ------------

Command Line: -Dcom.sun.management.jmxremote -Dcom.sun.management.jmxremote.port=60077 -Dcom.sun.management.jmxremote.authenticate=false -Dcom.sun.management.jmxremote.ssl=false -Djava.rmi.server.hostname=localhost -Dspring.jmx.enabled=true -Dspring.application.admin.enabled=true -XX:TieredStopAtLevel=1 -Dspring.boot.project.name=dsmovie -Dfile.encoding=UTF-8 -XX:+ShowCodeDetailsInExceptionMessages com.devsuperior.dsmovie.DsmovieApplication --spring.output.ansi.enabled=always

Host: Intel(R) Core(TM) i5-8500T CPU @ 2.10GHz, 6 cores, 7G,  Windows 10 , 64 bit Build 19041 (10.0.19041.1348)
Time: Thu Jan 13 21:24:48 2022 Hora oficial do Brasil elapsed time: 6.705236 seconds (0d 0h 0m 6s)

---------------  T H R E A D  ---------------

Current thread (0x00000170c19bd960):  VMThread "VM Thread" [stack: 0x0000001375800000,0x0000001375900000] [id=1296]

Stack: [0x0000001375800000,0x0000001375900000]
Native frames: (J=compiled Java code, j=interpreted, Vv=VM code, C=native code)
V  [jvm.dll+0x6744da]
V  [jvm.dll+0x82e144]
V  [jvm.dll+0x82f8ee]
V  [jvm.dll+0x82ff53]
V  [jvm.dll+0x245175]
V  [jvm.dll+0x6714c9]
V  [jvm.dll+0x665f92]
V  [jvm.dll+0x303c3b]
V  [jvm.dll+0x30b176]
V  [jvm.dll+0x35af1e]
V  [jvm.dll+0x35b14f]
V  [jvm.dll+0x2dab78]
V  [jvm.dll+0x2d8e2c]
V  [jvm.dll+0x2d83fc]
V  [jvm.dll+0x32bd3c]
V  [jvm.dll+0x8343bb]
V  [jvm.dll+0x8350f4]
V  [jvm.dll+0x83560c]
V  [jvm.dll+0x8359e4]
V  [jvm.dll+0x835ab0]
V  [jvm.dll+0x7de51a]
V  [jvm.dll+0x673305]
C  [ucrtbase.dll+0x21bb2]
C  [KERNEL32.DLL+0x17034]
C  [ntdll.dll+0x52651]

VM_Operation (0x00000013752fdf10): CollectForMetadataAllocation, mode: safepoint, requested by thread 0x00000170b217a3e0


---------------  P R O C E S S  ---------------

Threads class SMR info:
_java_thread_list=0x00000170c514d6f0, length=25, elements={
0x00000170b217a3e0, 0x00000170c19fc380, 0x00000170c19fe390, 0x00000170c1a06180,
0x00000170c1a617d0, 0x00000170c1a63840, 0x00000170c1a65cb0, 0x00000170c1a67a50,
0x00000170c24033d0, 0x00000170c19a38e0, 0x00000170c2585c50, 0x00000170c256e020,
0x00000170c25c4920, 0x00000170c2b356d0, 0x00000170c2b2ba10, 0x00000170c2b35db0,
0x00000170c2e7e4e0, 0x00000170c2e92df0, 0x00000170c2e5f940, 0x00000170c2eb7a20,
0x00000170c509f0e0, 0x00000170c509ec10, 0x00000170c509cf30, 0x00000170c509d400,
0x00000170c509d8d0
}

Java Threads: ( => current thread )
  0x00000170b217a3e0 JavaThread "main" [_thread_blocked, id=1212, stack(0x0000001375200000,0x0000001375300000)]
  0x00000170c19fc380 JavaThread "Reference Handler" daemon [_thread_blocked, id=5452, stack(0x0000001375900000,0x0000001375a00000)]
  0x00000170c19fe390 JavaThread "Finalizer" daemon [_thread_blocked, id=6380, stack(0x0000001375a00000,0x0000001375b00000)]
  0x00000170c1a06180 JavaThread "Signal Dispatcher" daemon [_thread_blocked, id=7268, stack(0x0000001375b00000,0x0000001375c00000)]
  0x00000170c1a617d0 JavaThread "Attach Listener" daemon [_thread_blocked, id=7124, stack(0x0000001375c00000,0x0000001375d00000)]
  0x00000170c1a63840 JavaThread "Service Thread" daemon [_thread_blocked, id=6116, stack(0x0000001375d00000,0x0000001375e00000)]
  0x00000170c1a65cb0 JavaThread "Monitor Deflation Thread" daemon [_thread_blocked, id=8032, stack(0x0000001375e00000,0x0000001375f00000)]
  0x00000170c1a67a50 JavaThread "C1 CompilerThread0" daemon [_thread_blocked, id=6700, stack(0x0000001375f00000,0x0000001376000000)]
  0x00000170c24033d0 JavaThread "Sweeper thread" daemon [_thread_blocked, id=6496, stack(0x0000001376000000,0x0000001376100000)]
  0x00000170c19a38e0 JavaThread "Common-Cleaner" daemon [_thread_blocked, id=11936, stack(0x0000001376100000,0x0000001376200000)]
  0x00000170c2585c50 JavaThread "C1 CompilerThread1" daemon [_thread_blocked, id=2356, stack(0x0000001376200000,0x0000001376300000)]
  0x00000170c256e020 JavaThread "C1 CompilerThread2" daemon [_thread_blocked, id=11196, stack(0x0000001376300000,0x0000001376400000)]
  0x00000170c25c4920 JavaThread "Notification Thread" daemon [_thread_blocked, id=11576, stack(0x0000001376400000,0x0000001376500000)]
  0x00000170c2b356d0 JavaThread "RMI TCP Accept-0" daemon [_thread_in_native, id=868, stack(0x0000001376500000,0x0000001376600000)]
  0x00000170c2b2ba10 JavaThread "RMI TCP Accept-60077" daemon [_thread_in_native, id=7348, stack(0x0000001376600000,0x0000001376700000)]
  0x00000170c2b35db0 JavaThread "RMI TCP Accept-0" daemon [_thread_in_native, id=8788, stack(0x0000001376700000,0x0000001376800000)]
  0x00000170c2e7e4e0 JavaThread "RMI TCP Connection(1)-127.0.0.1" daemon [_thread_in_native, id=6924, stack(0x0000001376900000,0x0000001376a00000)]
  0x00000170c2e92df0 JavaThread "RMI Scheduler(0)" daemon [_thread_blocked, id=8560, stack(0x0000001376a00000,0x0000001376b00000)]
  0x00000170c2e5f940 JavaThread "RMI TCP Connection(2)-127.0.0.1" daemon [_thread_in_native, id=6004, stack(0x0000001376b00000,0x0000001376c00000)]
  0x00000170c2eb7a20 JavaThread "JMX server connection timeout 21" daemon [_thread_blocked, id=9512, stack(0x0000001376c00000,0x0000001376d00000)]
  0x00000170c509f0e0 JavaThread "Catalina-utility-1" [_thread_blocked, id=2900, stack(0x0000001377500000,0x0000001377600000)]
  0x00000170c509ec10 JavaThread "Catalina-utility-2" [_thread_blocked, id=11636, stack(0x0000001377700000,0x0000001377800000)]
  0x00000170c509cf30 JavaThread "container-0" [_thread_blocked, id=11740, stack(0x0000001377800000,0x0000001377900000)]
  0x00000170c509d400 JavaThread "HikariPool-1 housekeeper" daemon [_thread_blocked, id=12012, stack(0x0000001377a00000,0x0000001377b00000)]
  0x00000170c509d8d0 JavaThread "HikariPool-1 connection adder" daemon [_thread_blocked, id=11876, stack(0x0000001377b00000,0x0000001377c00000)]

Other Threads:
=>0x00000170c19bd960 VMThread "VM Thread" [stack: 0x0000001375800000,0x0000001375900000] [id=1296]
  0x00000170b214d0c0 WatcherThread [stack: 0x0000001376800000,0x0000001376900000] [id=11592]
  0x00000170b21ba300 GCTaskThread "GC Thread#0" [stack: 0x0000001375300000,0x0000001375400000] [id=10516]
  0x00000170c2c30380 GCTaskThread "GC Thread#1" [stack: 0x0000001376d00000,0x0000001376e00000] [id=9436]
  0x00000170c2c30b90 GCTaskThread "GC Thread#2" [stack: 0x0000001376e00000,0x0000001376f00000] [id=12096]
  0x00000170c2c30e40 GCTaskThread "GC Thread#3" [stack: 0x0000001376f00000,0x0000001377000000] [id=2104]
  0x00000170c2c313a0 GCTaskThread "GC Thread#4" [stack: 0x0000001377000000,0x0000001377100000] [id=11852]
  0x00000170c2c310f0 GCTaskThread "GC Thread#5" [stack: 0x0000001377100000,0x0000001377200000] [id=6308]
  0x00000170b21cb3e0 ConcurrentGCThread "G1 Main Marker" [stack: 0x0000001375400000,0x0000001375500000] [id=11864]
  0x00000170b21cccb0 ConcurrentGCThread "G1 Conc#0" [stack: 0x0000001375500000,0x0000001375600000] [id=5680]
  0x00000170c2c30630 ConcurrentGCThread "G1 Conc#1" [stack: 0x0000001377600000,0x0000001377700000] [id=11476]
  0x00000170b224b6f0 ConcurrentGCThread "G1 Refine#0" [stack: 0x0000001375600000,0x0000001375700000] [id=4288]
  0x00000170c2baaec0 ConcurrentGCThread "G1 Refine#1" [stack: 0x0000001377200000,0x0000001377300000] [id=10052]
  0x00000170c2bab1a0 ConcurrentGCThread "G1 Refine#2" [stack: 0x0000001377300000,0x0000001377400000] [id=2076]
  0x00000170c2bab480 ConcurrentGCThread "G1 Refine#3" [stack: 0x0000001377400000,0x0000001377500000] [id=1256]
  0x00000170b224c020 ConcurrentGCThread "G1 Service" [stack: 0x0000001375700000,0x0000001375800000] [id=1892]

Threads with active compile tasks:

VM state: at safepoint (normal execution)

VM Mutex/Monitor currently owned by a thread:  ([mutex/lock_event])
[0x00000170b21789b0] Threads_lock - owner thread: 0x00000170c19bd960
[0x00000170b2177d50] Heap_lock - owner thread: 0x00000170b217a3e0

Heap address: 0x0000000082c00000, size: 2004 MB, Compressed Oops mode: 32-bit

CDS archive(s) not mapped
Compressed class space mapped at: 0x0000000100000000-0x0000000140000000, reserved size: 1073741824
Narrow klass base: 0x0000000000000000, Narrow klass shift: 3, Narrow klass range: 0x140000000

GC Precious Log:
 CPUs: 6 total, 6 available
 Memory: 8015M
 Large Page Support: Disabled
 NUMA Support: Disabled
 Compressed Oops: Enabled (32-bit)
 Heap Region Size: 1M
 Heap Min Capacity: 8M
 Heap Initial Capacity: 126M
 Heap Max Capacity: 2004M
 Pre-touch: Disabled
 Parallel Workers: 6
 Concurrent Workers: 2
 Concurrent Refinement Workers: 6
 Periodic GC: Disabled

Heap:
 garbage-first heap   total 71680K, used 25014K [0x0000000082c00000, 0x0000000100000000)
  region size 1024K, 4 young (4096K), 4 survivors (4096K)
 Metaspace       used 60039K, committed 60416K, reserved 1105920K
  class space    used 8158K, committed 8320K, reserved 1048576K

Heap Regions: E=young(eden), S=young(survivor), O=old, HS=humongous(starts), HC=humongous(continues), CS=collection set, F=free, OA=open archive, CA=closed archive, TAMS=top-at-mark-start (previous, next)
|   0|0x0000000082c00000, 0x0000000082d00000, 0x0000000082d00000|100%|HS|  |TAMS 0x0000000082d00000, 0x0000000082d00000| Complete 
|   1|0x0000000082d00000, 0x0000000082e00000, 0x0000000082e00000|100%| O|  |TAMS 0x0000000082e00000, 0x0000000082e00000| Untracked 
|   2|0x0000000082e00000, 0x0000000082f00000, 0x0000000082f00000|100%| O|  |TAMS 0x0000000082f00000, 0x0000000082f00000| Untracked 
|   3|0x0000000082f00000, 0x0000000083000000, 0x0000000083000000|100%| O|  |TAMS 0x0000000083000000, 0x0000000083000000| Untracked 
|   4|0x0000000083000000, 0x0000000083100000, 0x0000000083100000|100%| O|  |TAMS 0x0000000083100000, 0x0000000083100000| Untracked 
|   5|0x0000000083100000, 0x0000000083200000, 0x0000000083200000|100%| O|  |TAMS 0x0000000083200000, 0x0000000083200000| Untracked 
|   6|0x0000000083200000, 0x0000000083300000, 0x0000000083300000|100%| O|  |TAMS 0x0000000083300000, 0x0000000083300000| Untracked 
|   7|0x0000000083300000, 0x0000000083400000, 0x0000000083400000|100%| O|  |TAMS 0x0000000083400000, 0x0000000083400000| Untracked 
|   8|0x0000000083400000, 0x0000000083500000, 0x0000000083500000|100%| O|  |TAMS 0x0000000083500000, 0x0000000083500000| Untracked 
|   9|0x0000000083500000, 0x0000000083600000, 0x0000000083600000|100%| O|  |TAMS 0x0000000083600000, 0x0000000083600000| Untracked 
|  10|0x0000000083600000, 0x0000000083700000, 0x0000000083700000|100%| O|  |TAMS 0x0000000083700000, 0x0000000083700000| Untracked 
|  11|0x0000000083700000, 0x0000000083800000, 0x0000000083800000|100%| O|  |TAMS 0x0000000083800000, 0x0000000083800000| Untracked 
|  12|0x0000000083800000, 0x0000000083900000, 0x0000000083900000|100%| O|  |TAMS 0x0000000083900000, 0x0000000083900000| Untracked 
|  13|0x0000000083900000, 0x0000000083a00000, 0x0000000083a00000|100%| O|  |TAMS 0x0000000083a00000, 0x0000000083a00000| Untracked 
|  14|0x0000000083a00000, 0x0000000083a91400, 0x0000000083b00000| 56%| O|  |TAMS 0x0000000083a91400, 0x0000000083a91400| Untracked 
|  15|0x0000000083b00000, 0x0000000083c00000, 0x0000000083c00000|100%| O|  |TAMS 0x0000000083b00000, 0x0000000083c00000| Untracked 
|  16|0x0000000083c00000, 0x0000000083d00000, 0x0000000083d00000|100%| O|  |TAMS 0x0000000083c00000, 0x0000000083d00000| Untracked 
|  17|0x0000000083d00000, 0x0000000083e00000, 0x0000000083e00000|100%| O|  |TAMS 0x0000000083d00000, 0x0000000083e00000| Untracked 
|  18|0x0000000083e00000, 0x0000000083f00000, 0x0000000083f00000|100%| O|  |TAMS 0x0000000083e00000, 0x0000000083f00000| Untracked 
|  19|0x0000000083f00000, 0x0000000084000000, 0x0000000084000000|100%| O|  |TAMS 0x0000000083f00000, 0x0000000084000000| Untracked 
|  20|0x0000000084000000, 0x0000000084100000, 0x0000000084100000|100%| O|  |TAMS 0x0000000084000000, 0x0000000084007e00| Untracked 
|  21|0x0000000084100000, 0x00000000841c0c00, 0x0000000084200000| 75%| O|  |TAMS 0x0000000084100000, 0x0000000084100000| Untracked 
|  22|0x0000000084200000, 0x0000000084200000, 0x0000000084300000|  0%| F|  |TAMS 0x0000000084200000, 0x0000000084200000| Untracked 
|  23|0x0000000084300000, 0x0000000084300000, 0x0000000084400000|  0%| F|  |TAMS 0x0000000084300000, 0x0000000084300000| Untracked 
|  24|0x0000000084400000, 0x0000000084400000, 0x0000000084500000|  0%| F|  |TAMS 0x0000000084400000, 0x0000000084400000| Untracked 
|  25|0x0000000084500000, 0x0000000084500000, 0x0000000084600000|  0%| F|  |TAMS 0x0000000084500000, 0x0000000084500000| Untracked 
|  26|0x0000000084600000, 0x0000000084600000, 0x0000000084700000|  0%| F|  |TAMS 0x0000000084600000, 0x0000000084600000| Untracked 
|  27|0x0000000084700000, 0x0000000084700000, 0x0000000084800000|  0%| F|  |TAMS 0x0000000084700000, 0x0000000084700000| Untracked 
|  28|0x0000000084800000, 0x0000000084800000, 0x0000000084900000|  0%| F|  |TAMS 0x0000000084800000, 0x0000000084800000| Untracked 
|  29|0x0000000084900000, 0x0000000084900000, 0x0000000084a00000|  0%| F|  |TAMS 0x0000000084900000, 0x0000000084900000| Untracked 
|  30|0x0000000084a00000, 0x0000000084a00000, 0x0000000084b00000|  0%| F|  |TAMS 0x0000000084a00000, 0x0000000084a00000| Untracked 
|  31|0x0000000084b00000, 0x0000000084b00000, 0x0000000084c00000|  0%| F|  |TAMS 0x0000000084b00000, 0x0000000084b00000| Untracked 
|  32|0x0000000084c00000, 0x0000000084c00000, 0x0000000084d00000|  0%| F|  |TAMS 0x0000000084c00000, 0x0000000084c00000| Untracked 
|  33|0x0000000084d00000, 0x0000000084d00000, 0x0000000084e00000|  0%| F|  |TAMS 0x0000000084d00000, 0x0000000084d00000| Untracked 
|  34|0x0000000084e00000, 0x0000000084e00000, 0x0000000084f00000|  0%| F|  |TAMS 0x0000000084e00000, 0x0000000084e00000| Untracked 
|  35|0x0000000084f00000, 0x0000000084f00000, 0x0000000085000000|  0%| F|  |TAMS 0x0000000084f00000, 0x0000000084f00000| Untracked 
|  36|0x0000000085000000, 0x0000000085000000, 0x0000000085100000|  0%| F|  |TAMS 0x0000000085000000, 0x0000000085000000| Untracked 
|  37|0x0000000085100000, 0x0000000085100000, 0x0000000085200000|  0%| F|  |TAMS 0x0000000085100000, 0x0000000085100000| Untracked 
|  38|0x0000000085200000, 0x0000000085200000, 0x0000000085300000|  0%| F|  |TAMS 0x0000000085200000, 0x0000000085200000| Untracked 
|  39|0x0000000085300000, 0x0000000085300000, 0x0000000085400000|  0%| F|  |TAMS 0x0000000085300000, 0x0000000085300000| Untracked 
|  40|0x0000000085400000, 0x0000000085400000, 0x0000000085500000|  0%| F|  |TAMS 0x0000000085400000, 0x0000000085400000| Untracked 
|  41|0x0000000085500000, 0x0000000085500000, 0x0000000085600000|  0%| F|  |TAMS 0x0000000085500000, 0x0000000085500000| Untracked 
|  42|0x0000000085600000, 0x0000000085600000, 0x0000000085700000|  0%| F|  |TAMS 0x0000000085600000, 0x0000000085600000| Untracked 
|  43|0x0000000085700000, 0x0000000085700000, 0x0000000085800000|  0%| F|  |TAMS 0x0000000085700000, 0x0000000085700000| Untracked 
|  44|0x0000000085800000, 0x0000000085800000, 0x0000000085900000|  0%| F|  |TAMS 0x0000000085800000, 0x0000000085800000| Untracked 
|  45|0x0000000085900000, 0x0000000085900000, 0x0000000085a00000|  0%| F|  |TAMS 0x0000000085900000, 0x0000000085900000| Untracked 
|  46|0x0000000085a00000, 0x0000000085a00000, 0x0000000085b00000|  0%| F|  |TAMS 0x0000000085a00000, 0x0000000085a00000| Untracked 
|  47|0x0000000085b00000, 0x0000000085b00000, 0x0000000085c00000|  0%| F|  |TAMS 0x0000000085b00000, 0x0000000085b00000| Untracked 
|  48|0x0000000085c00000, 0x0000000085c1baf0, 0x0000000085d00000| 10%| S|CS|TAMS 0x0000000085c00000, 0x0000000085c00000| Complete 
|  49|0x0000000085d00000, 0x0000000085e00000, 0x0000000085e00000|100%| S|CS|TAMS 0x0000000085d00000, 0x0000000085d00000| Complete 
|  50|0x0000000085e00000, 0x0000000085f00000, 0x0000000085f00000|100%| S|CS|TAMS 0x0000000085e00000, 0x0000000085e00000| Complete 
|  51|0x0000000085f00000, 0x0000000086000000, 0x0000000086000000|100%| S|CS|TAMS 0x0000000085f00000, 0x0000000085f00000| Complete 
|  52|0x0000000086000000, 0x0000000086000000, 0x0000000086100000|  0%| F|  |TAMS 0x0000000086000000, 0x0000000086000000| Untracked 
|  53|0x0000000086100000, 0x0000000086100000, 0x0000000086200000|  0%| F|  |TAMS 0x0000000086100000, 0x0000000086100000| Untracked 
|  54|0x0000000086200000, 0x0000000086200000, 0x0000000086300000|  0%| F|  |TAMS 0x0000000086200000, 0x0000000086200000| Untracked 
|  55|0x0000000086300000, 0x0000000086300000, 0x0000000086400000|  0%| F|  |TAMS 0x0000000086300000, 0x0000000086300000| Untracked 
|  56|0x0000000086400000, 0x0000000086400000, 0x0000000086500000|  0%| F|  |TAMS 0x0000000086400000, 0x0000000086400000| Untracked 
|  57|0x0000000086500000, 0x0000000086500000, 0x0000000086600000|  0%| F|  |TAMS 0x0000000086500000, 0x0000000086500000| Untracked 
|  58|0x0000000086600000, 0x0000000086600000, 0x0000000086700000|  0%| F|  |TAMS 0x0000000086600000, 0x0000000086600000| Untracked 
|  59|0x0000000086700000, 0x0000000086700000, 0x0000000086800000|  0%| F|  |TAMS 0x0000000086700000, 0x0000000086700000| Untracked 
|  60|0x0000000086800000, 0x0000000086800000, 0x0000000086900000|  0%| F|  |TAMS 0x0000000086800000, 0x0000000086800000| Untracked 
|  61|0x0000000086900000, 0x0000000086900000, 0x0000000086a00000|  0%| F|  |TAMS 0x0000000086900000, 0x0000000086900000| Untracked 
|  62|0x0000000086a00000, 0x0000000086a00000, 0x0000000086b00000|  0%| F|  |TAMS 0x0000000086a00000, 0x0000000086a00000| Untracked 
|  63|0x0000000086b00000, 0x0000000086b00000, 0x0000000086c00000|  0%| F|  |TAMS 0x0000000086b00000, 0x0000000086b00000| Untracked 
|  64|0x0000000086c00000, 0x0000000086c00000, 0x0000000086d00000|  0%| F|  |TAMS 0x0000000086c00000, 0x0000000086c00000| Untracked 
|  65|0x0000000086d00000, 0x0000000086d00000, 0x0000000086e00000|  0%| F|  |TAMS 0x0000000086d00000, 0x0000000086d00000| Untracked 
|  66|0x0000000086e00000, 0x0000000086e00000, 0x0000000086f00000|  0%| F|  |TAMS 0x0000000086e00000, 0x0000000086e00000| Untracked 
|  67|0x0000000086f00000, 0x0000000086f00000, 0x0000000087000000|  0%| F|  |TAMS 0x0000000086f00000, 0x0000000086f00000| Untracked 
|  68|0x0000000087000000, 0x0000000087000000, 0x0000000087100000|  0%| F|  |TAMS 0x0000000087000000, 0x0000000087000000| Untracked 
| 125|0x000000008a900000, 0x000000008a900000, 0x000000008aa00000|  0%| F|  |TAMS 0x000000008a900000, 0x000000008a900000| Untracked 

Card table byte_map: [0x00000170bab00000,0x00000170baef0000] _byte_map_base: 0x00000170ba6ea000

Marking Bits (Prev, Next): (CMBitMap*) 0x00000170b21ba820, (CMBitMap*) 0x00000170b21ba860
 Prev Bits: [0x00000170bb2e0000, 0x00000170bd230000)
 Next Bits: [0x00000170bd230000, 0x00000170bf180000)

Polling page: 0x00000170b2250000

Metaspace:

Usage:
  Non-class:     50.67 MB used.
      Class:      7.97 MB used.
       Both:     58.63 MB used.

Virtual space:
  Non-class space:       56.00 MB reserved,      50.88 MB ( 91%) committed,  7 nodes.
      Class space:        1.00 GB reserved,       8.12 MB ( <1%) committed,  1 nodes.
             Both:        1.05 GB reserved,      59.00 MB (  5%) committed. 

Chunk freelists:
   Non-Class:  432.00 KB
       Class:  3.72 MB
        Both:  4.14 MB

MaxMetaspaceSize: unlimited
CompressedClassSpaceSize: 1.00 GB
Initial GC threshold: 21.00 MB
Current GC threshold: 59.00 MB
CDS: off
MetaspaceReclaimPolicy: balanced
 - commit_granule_bytes: 65536.
 - commit_granule_words: 8192.
 - virtual_space_node_default_size: 1048576.
 - enlarge_chunks_in_place: 1.
 - new_chunks_are_fully_committed: 0.
 - uncommit_free_chunks: 1.
 - use_allocation_guard: 0.
 - handle_deallocations: 1.


Internal statistics:

num_allocs_failed_limit: 11.
num_arena_births: 516.
num_arena_deaths: 0.
num_vsnodes_births: 8.
num_vsnodes_deaths: 0.
num_space_committed: 944.
num_space_uncommitted: 0.
num_chunks_returned_to_freelist: 11.
num_chunks_taken_from_freelist: 2432.
num_chunk_merges: 8.
num_chunk_splits: 1695.
num_chunks_enlarged: 1307.
num_purges: 0.
num_inconsistent_stats: 0.

CodeCache: size=49152Kb used=9388Kb max_used=9388Kb free=39763Kb
 bounds [0x00000170b7040000, 0x00000170b7970000, 0x00000170ba040000]
 total_blobs=5141 nmethods=4573 adapters=493
 compilation: enabled
              stopped_count=0, restarted_count=0
 full_count=0

Compilation events (20 events):
Event: 6.603 Thread 0x00000170c1a67a50 nmethod 4556 0x00000170b7962890 code [0x00000170b7962a40, 0x00000170b7962cb8]
Event: 6.603 Thread 0x00000170c2585c50 nmethod 4555 0x00000170b7962e10 code [0x00000170b7962fe0, 0x00000170b79631d8]
Event: 6.604 Thread 0x00000170c2585c50 4557   !   1       jdk.proxy2.$Proxy30::annotationType (29 bytes)
Event: 6.604 Thread 0x00000170c2585c50 nmethod 4557 0x00000170b7963310 code [0x00000170b79634c0, 0x00000170b79636d8]
Event: 6.605 Thread 0x00000170c1a67a50 4558       1       com.sun.jmx.mbeanserver.MXBeanSupport::transitiveInterfaces (64 bytes)
Event: 6.605 Thread 0x00000170c256e020 4559       1       javax.management.ImmutableDescriptor::makeMap (123 bytes)
Event: 6.605 Thread 0x00000170c1a67a50 nmethod 4558 0x00000170b7963810 code [0x00000170b7963a00, 0x00000170b7963c18]
Event: 6.605 Thread 0x00000170c2585c50 4560   !   1       com.sun.jmx.mbeanserver.Introspector::descriptorForAnnotations (242 bytes)
Event: 6.606 Thread 0x00000170c256e020 nmethod 4559 0x00000170b7963e10 code [0x00000170b7964020, 0x00000170b7964558]
Event: 6.606 Thread 0x00000170c1a67a50 4563       1       java.lang.invoke.MethodTypeForm::<init> (322 bytes)
Event: 6.607 Thread 0x00000170c2585c50 nmethod 4560 0x00000170b7965110 code [0x00000170b7965480, 0x00000170b7966428]
Event: 6.607 Thread 0x00000170c1a67a50 nmethod 4563 0x00000170b7967390 code [0x00000170b79675a0, 0x00000170b7967fc8]
Event: 6.608 Thread 0x00000170c1a67a50 4569   !   1       java.lang.invoke.LambdaForm::compileToBytecode (164 bytes)
Event: 6.608 Thread 0x00000170c1a67a50 nmethod 4569 0x00000170b7968f10 code [0x00000170b7969180, 0x00000170b79699a8]
Event: 6.609 Thread 0x00000170c256e020 4571       1       org.apache.catalina.LifecycleState::getLifecycleEvent (5 bytes)
Event: 6.609 Thread 0x00000170c256e020 nmethod 4571 0x00000170b796a290 code [0x00000170b796a420, 0x00000170b796a4f8]
Event: 6.638 Thread 0x00000170c256e020 4572       1       java.lang.invoke.MethodHandles$Lookup::resolveOrNull (46 bytes)
Event: 6.638 Thread 0x00000170c256e020 nmethod 4572 0x00000170b796a590 code [0x00000170b796a780, 0x00000170b796ab68]
Event: 6.647 Thread 0x00000170c256e020 4573       1       java.nio.Buffer::mark (10 bytes)
Event: 6.647 Thread 0x00000170c256e020 nmethod 4573 0x00000170b796ad10 code [0x00000170b796aea0, 0x00000170b796af78]

GC Heap History (20 events):
Event: 2.638 GC heap after
{Heap after GC invocations=9 (full 0):
 garbage-first heap   total 46080K, used 11299K [0x0000000082c00000, 0x0000000100000000)
  region size 1024K, 2 young (2048K), 2 survivors (2048K)
 Metaspace       used 27001K, committed 27328K, reserved 1073152K
  class space    used 3227K, committed 3392K, reserved 1048576K
}
Event: 3.005 GC heap before
{Heap before GC invocations=9 (full 0):
 garbage-first heap   total 46080K, used 33827K [0x0000000082c00000, 0x0000000100000000)
  region size 1024K, 24 young (24576K), 2 survivors (2048K)
 Metaspace       used 29767K, committed 30016K, reserved 1081344K
  class space    used 3665K, committed 3776K, reserved 1048576K
}
Event: 3.010 GC heap after
{Heap after GC invocations=10 (full 0):
 garbage-first heap   total 46080K, used 12842K [0x0000000082c00000, 0x0000000100000000)
  region size 1024K, 3 young (3072K), 3 survivors (3072K)
 Metaspace       used 29767K, committed 30016K, reserved 1081344K
  class space    used 3665K, committed 3776K, reserved 1048576K
}
Event: 3.466 GC heap before
{Heap before GC invocations=10 (full 0):
 garbage-first heap   total 46080K, used 34346K [0x0000000082c00000, 0x0000000100000000)
  region size 1024K, 24 young (24576K), 3 survivors (3072K)
 Metaspace       used 33500K, committed 33856K, reserved 1081344K
  class space    used 4242K, committed 4416K, reserved 1048576K
}
Event: 3.473 GC heap after
{Heap after GC invocations=11 (full 0):
 garbage-first heap   total 46080K, used 15018K [0x0000000082c00000, 0x0000000100000000)
  region size 1024K, 3 young (3072K), 3 survivors (3072K)
 Metaspace       used 33500K, committed 33856K, reserved 1081344K
  class space    used 4242K, committed 4416K, reserved 1048576K
}
Event: 3.649 GC heap before
{Heap before GC invocations=11 (full 0):
 garbage-first heap   total 46080K, used 32426K [0x0000000082c00000, 0x0000000100000000)
  region size 1024K, 21 young (21504K), 3 survivors (3072K)
 Metaspace       used 34703K, committed 35072K, reserved 1081344K
  class space    used 4349K, committed 4544K, reserved 1048576K
}
Event: 3.654 GC heap after
{Heap after GC invocations=12 (full 0):
 garbage-first heap   total 46080K, used 15941K [0x0000000082c00000, 0x0000000100000000)
  region size 1024K, 1 young (1024K), 1 survivors (1024K)
 Metaspace       used 34703K, committed 35072K, reserved 1081344K
  class space    used 4349K, committed 4544K, reserved 1048576K
}
Event: 3.657 GC heap before
{Heap before GC invocations=12 (full 0):
 garbage-first heap   total 46080K, used 34373K [0x0000000082c00000, 0x0000000100000000)
  region size 1024K, 20 young (20480K), 1 survivors (1024K)
 Metaspace       used 34703K, committed 35072K, reserved 1081344K
  class space    used 4349K, committed 4544K, reserved 1048576K
}
Event: 3.660 GC heap after
{Heap after GC invocations=13 (full 0):
 garbage-first heap   total 91136K, used 15846K [0x0000000082c00000, 0x0000000100000000)
  region size 1024K, 1 young (1024K), 1 survivors (1024K)
 Metaspace       used 34703K, committed 35072K, reserved 1081344K
  class space    used 4349K, committed 4544K, reserved 1048576K
}
Event: 3.884 GC heap before
{Heap before GC invocations=13 (full 0):
 garbage-first heap   total 91136K, used 34278K [0x0000000082c00000, 0x0000000100000000)
  region size 1024K, 21 young (21504K), 1 survivors (1024K)
 Metaspace       used 35804K, committed 36160K, reserved 1081344K
  class space    used 4501K, committed 4672K, reserved 1048576K
}
Event: 3.886 GC heap after
{Heap after GC invocations=14 (full 0):
 garbage-first heap   total 91136K, used 16285K [0x0000000082c00000, 0x0000000100000000)
  region size 1024K, 2 young (2048K), 2 survivors (2048K)
 Metaspace       used 35804K, committed 36160K, reserved 1081344K
  class space    used 4501K, committed 4672K, reserved 1048576K
}
Event: 5.073 GC heap before
{Heap before GC invocations=15 (full 0):
 garbage-first heap   total 61440K, used 50077K [0x0000000082c00000, 0x0000000100000000)
  region size 1024K, 36 young (36864K), 2 survivors (2048K)
 Metaspace       used 45586K, committed 45952K, reserved 1089536K
  class space    used 6011K, committed 6144K, reserved 1048576K
}
Event: 5.076 GC heap after
{Heap after GC invocations=16 (full 0):
 garbage-first heap   total 61440K, used 18191K [0x0000000082c00000, 0x0000000100000000)
  region size 1024K, 4 young (4096K), 4 survivors (4096K)
 Metaspace       used 45586K, committed 45952K, reserved 1089536K
  class space    used 6011K, committed 6144K, reserved 1048576K
}
Event: 5.836 GC heap before
{Heap before GC invocations=16 (full 0):
 garbage-first heap   total 61440K, used 47887K [0x0000000082c00000, 0x0000000100000000)
  region size 1024K, 33 young (33792K), 4 survivors (4096K)
 Metaspace       used 52378K, committed 52864K, reserved 1097728K
  class space    used 7071K, committed 7296K, reserved 1048576K
}
Event: 5.840 GC heap after
{Heap after GC invocations=17 (full 0):
 garbage-first heap   total 61440K, used 20303K [0x0000000082c00000, 0x0000000100000000)
  region size 1024K, 5 young (5120K), 5 survivors (5120K)
 Metaspace       used 52378K, committed 52864K, reserved 1097728K
  class space    used 7071K, committed 7296K, reserved 1048576K
}
Event: 6.158 GC heap before
{Heap before GC invocations=17 (full 0):
 garbage-first heap   total 61440K, used 47951K [0x0000000082c00000, 0x0000000100000000)
  region size 1024K, 32 young (32768K), 5 survivors (5120K)
 Metaspace       used 55879K, committed 56256K, reserved 1105920K
  class space    used 7553K, committed 7744K, reserved 1048576K
}
Event: 6.161 GC heap after
{Heap after GC invocations=18 (full 0):
 garbage-first heap   total 61440K, used 22247K [0x0000000082c00000, 0x0000000100000000)
  region size 1024K, 3 young (3072K), 3 survivors (3072K)
 Metaspace       used 55879K, committed 56256K, reserved 1105920K
  class space    used 7553K, committed 7744K, reserved 1048576K
}
Event: 6.485 GC heap before
{Heap before GC invocations=18 (full 0):
 garbage-first heap   total 61440K, used 46823K [0x0000000082c00000, 0x0000000100000000)
  region size 1024K, 28 young (28672K), 3 survivors (3072K)
 Metaspace       used 59202K, committed 59584K, reserved 1105920K
  class space    used 8042K, committed 8192K, reserved 1048576K
}
Event: 6.489 GC heap after
{Heap after GC invocations=19 (full 0):
 garbage-first heap   total 61440K, used 23981K [0x0000000082c00000, 0x0000000100000000)
  region size 1024K, 4 young (4096K), 4 survivors (4096K)
 Metaspace       used 59202K, committed 59584K, reserved 1105920K
  class space    used 8042K, committed 8192K, reserved 1048576K
}
Event: 6.664 GC heap before
{Heap before GC invocations=19 (full 0):
 garbage-first heap   total 61440K, used 31149K [0x0000000082c00000, 0x0000000100000000)
  region size 1024K, 12 young (12288K), 4 survivors (4096K)
 Metaspace       used 60039K, committed 60416K, reserved 1105920K
  class space    used 8158K, committed 8320K, reserved 1048576K
}

Deoptimization events (14 events):
Event: 1.374 Thread 0x00000170b217a3e0 DEOPT PACKING pc=0x00000170b72fb7f5 sp=0x00000013752fdd90
Event: 1.374 Thread 0x00000170b217a3e0 DEOPT UNPACKING pc=0x00000170b7092b43 sp=0x00000013752fd1e8 mode 3
Event: 1.858 Thread 0x00000170b217a3e0 DEOPT PACKING pc=0x00000170b7537f19 sp=0x00000013752fd840
Event: 1.858 Thread 0x00000170b217a3e0 DEOPT UNPACKING pc=0x00000170b7092b43 sp=0x00000013752fcd20 mode 3
Event: 2.847 Thread 0x00000170b217a3e0 DEOPT PACKING pc=0x00000170b754dd94 sp=0x00000013752fdc60
Event: 2.847 Thread 0x00000170b217a3e0 DEOPT UNPACKING pc=0x00000170b7092b43 sp=0x00000013752fd1b8 mode 0
Event: 3.047 Thread 0x00000170b217a3e0 DEOPT PACKING pc=0x00000170b7703775 sp=0x00000013752fe420
Event: 3.047 Thread 0x00000170b217a3e0 DEOPT UNPACKING pc=0x00000170b7092b43 sp=0x00000013752fd890 mode 3
Event: 6.297 Thread 0x00000170b217a3e0 DEOPT PACKING pc=0x00000170b78f2019 sp=0x00000013752fb6a0
Event: 6.297 Thread 0x00000170b217a3e0 DEOPT UNPACKING pc=0x00000170b7092b43 sp=0x00000013752fab80 mode 3
Event: 6.392 Thread 0x00000170b217a3e0 DEOPT PACKING pc=0x00000170b755c942 sp=0x00000013752fa630
Event: 6.392 Thread 0x00000170b217a3e0 DEOPT UNPACKING pc=0x00000170b7092b43 sp=0x00000013752f9b38 mode 3
Event: 6.392 Thread 0x00000170b217a3e0 DEOPT PACKING pc=0x00000170b7546345 sp=0x00000013752fa5f0
Event: 6.392 Thread 0x00000170b217a3e0 DEOPT UNPACKING pc=0x00000170b7092b43 sp=0x00000013752f9b38 mode 3

Classes unloaded (0 events):
No events

Classes redefined (0 events):
No events

Internal exceptions (20 events):
Event: 6.115 Thread 0x00000170b217a3e0 Exception <a 'java/lang/NoSuchMethodError'{0x000000008500aab0}: 'java.lang.Object java.lang.invoke.DirectMethodHandle$Holder.invokeStatic(java.lang.Object, java.lang.Object, int, java.lang.Object)'> (0x000000008500aab0) 
thrown [e:\jenkins\tmp\workspace\build\src\src\hotspot\share\interpreter\linkResolver.cpp, line 766]
Event: 6.115 Thread 0x00000170b217a3e0 Exception <a 'java/lang/NoSuchMethodError'{0x00000000850121d0}: 'java.lang.Object java.lang.invoke.DirectMethodHandle$Holder.newInvokeSpecial(java.lang.Object, java.lang.Object, int)'> (0x00000000850121d0) 
thrown [e:\jenkins\tmp\workspace\build\src\src\hotspot\share\interpreter\linkResolver.cpp, line 766]
Event: 6.118 Thread 0x00000170b217a3e0 Exception <a 'java/lang/IncompatibleClassChangeError'{0x00000000850407b0}: Found class java.lang.Object, but interface was expected> (0x00000000850407b0) 
thrown [e:\jenkins\tmp\workspace\build\src\src\hotspot\share\interpreter\linkResolver.cpp, line 833]
Event: 6.178 Thread 0x00000170b217a3e0 Exception <a 'java/lang/ClassNotFoundException'{0x0000000086fc3a90}: java/lang/ObjectCustomizer> (0x0000000086fc3a90) 
thrown [e:\jenkins\tmp\workspace\build\src\src\hotspot\share\classfile\systemDictionary.cpp, line 256]
Event: 6.179 Thread 0x00000170b217a3e0 Exception <a 'java/lang/ClassNotFoundException'{0x0000000086fcc440}: org/springframework/security/config/annotation/web/configuration/WebSecurityConfigurationCustomizer> (0x0000000086fcc440) 
thrown [e:\jenkins\tmp\workspace\build\src\src\hotspot\share\classfile\systemDictionary.cpp, line 256]
Event: 6.179 Thread 0x00000170b217a3e0 Exception <a 'java/lang/ClassNotFoundException'{0x0000000086fdb6f8}: org/springframework/context/annotation/ImportAwareCustomizer> (0x0000000086fdb6f8) 
thrown [e:\jenkins\tmp\workspace\build\src\src\hotspot\share\classfile\systemDictionary.cpp, line 256]
Event: 6.179 Thread 0x00000170b217a3e0 Exception <a 'java/lang/ClassNotFoundException'{0x0000000086fe0c78}: org/springframework/beans/factory/AwareCustomizer> (0x0000000086fe0c78) 
thrown [e:\jenkins\tmp\workspace\build\src\src\hotspot\share\classfile\systemDictionary.cpp, line 256]
Event: 6.180 Thread 0x00000170b217a3e0 Exception <a 'java/lang/ClassNotFoundException'{0x0000000086fe57a8}: org/springframework/beans/factory/BeanClassLoaderAwareCustomizer> (0x0000000086fe57a8) 
thrown [e:\jenkins\tmp\workspace\build\src\src\hotspot\share\classfile\systemDictionary.cpp, line 256]
Event: 6.180 Thread 0x00000170b217a3e0 Exception <a 'java/lang/ClassNotFoundException'{0x0000000086fead08}: org/springframework/beans/factory/AwareCustomizer> (0x0000000086fead08) 
thrown [e:\jenkins\tmp\workspace\build\src\src\hotspot\share\classfile\systemDictionary.cpp, line 256]
Event: 6.326 Thread 0x00000170b217a3e0 Exception <a 'java/lang/ClassNotFoundException'{0x0000000085b6db08}: java/lang/ObjectCustomizer> (0x0000000085b6db08) 
thrown [e:\jenkins\tmp\workspace\build\src\src\hotspot\share\classfile\systemDictionary.cpp, line 256]
Event: 6.326 Thread 0x00000170b217a3e0 Exception <a 'java/lang/ClassNotFoundException'{0x0000000085b764c8}: org/springframework/security/config/annotation/web/configuration/HttpSecurityConfigurationCustomizer> (0x0000000085b764c8) 
thrown [e:\jenkins\tmp\workspace\build\src\src\hotspot\share\classfile\systemDictionary.cpp, line 256]
Event: 6.407 Thread 0x00000170b217a3e0 Exception <a 'java/lang/NoSuchMethodError'{0x0000000085463a80}: 'void java.lang.invoke.DirectMethodHandle$Holder.invokeVirtual(java.lang.Object, java.lang.Object, int)'> (0x0000000085463a80) 
thrown [e:\jenkins\tmp\workspace\build\src\src\hotspot\share\interpreter\linkResolver.cpp, line 766]
Event: 6.408 Thread 0x00000170b217a3e0 Exception <a 'java/lang/NoSuchMethodError'{0x000000008547e638}: 'void java.lang.invoke.DirectMethodHandle$Holder.invokeVirtual(java.lang.Object, java.lang.Object, long)'> (0x000000008547e638) 
thrown [e:\jenkins\tmp\workspace\build\src\src\hotspot\share\interpreter\linkResolver.cpp, line 766]
Event: 6.481 Thread 0x00000170b217a3e0 Exception <a 'java/lang/IncompatibleClassChangeError'{0x0000000084f9ff68}: Found class java.lang.Object, but interface was expected> (0x0000000084f9ff68) 
thrown [e:\jenkins\tmp\workspace\build\src\src\hotspot\share\interpreter\linkResolver.cpp, line 833]
Event: 6.509 Thread 0x00000170b217a3e0 Exception <a 'java/lang/NoSuchMethodError'{0x0000000087040cc0}: 'int java.lang.invoke.DirectMethodHandle$Holder.invokeStaticInit(java.lang.Object, java.lang.Object, java.lang.Object, java.lang.Object)'> (0x0000000087040cc0) 
thrown [e:\jenkins\tmp\workspace\build\src\src\hotspot\share\interpreter\linkResolver.cpp, line 766]
Event: 6.552 Thread 0x00000170c2e5f940 Exception <a 'java/lang/reflect/InvocationTargetException'{0x0000000086f7aa10}> (0x0000000086f7aa10) 
thrown [e:\jenkins\tmp\workspace\build\src\src\hotspot\share\runtime\reflection.cpp, line 1121]
Event: 6.607 Thread 0x00000170b217a3e0 Exception <a 'java/lang/NoSuchMethodError'{0x00000000861e5148}: 'java.lang.Object java.lang.invoke.DirectMethodHandle$Holder.invokeSpecial(java.lang.Object, java.lang.Object, int, java.lang.Object, int, java.lang.Object)'> (0x00000000861e5148) 
thrown [e:\jenkins\tmp\workspace\build\src\src\hotspot\share\interpreter\linkResolver.cpp, line 766]
Event: 6.607 Thread 0x00000170b217a3e0 Exception <a 'java/lang/NoSuchMethodError'{0x00000000861ecf48}: 'java.lang.Object java.lang.invoke.DirectMethodHandle$Holder.newInvokeSpecial(java.lang.Object, java.lang.Object, int, java.lang.Object, int)'> (0x00000000861ecf48) 
thrown [e:\jenkins\tmp\workspace\build\src\src\hotspot\share\interpreter\linkResolver.cpp, line 766]
Event: 6.608 Thread 0x00000170b217a3e0 Exception <a 'java/lang/NoSuchMethodError'{0x00000000861f1048}: 'java.lang.Object java.lang.invoke.DirectMethodHandle$Holder.invokeSpecial(java.lang.Object, java.lang.Object, java.lang.Object, int, java.lang.Object, int)'> (0x00000000861f1048) 
thrown [e:\jenkins\tmp\workspace\build\src\src\hotspot\share\interpreter\linkResolver.cpp, line 766]
Event: 6.609 Thread 0x00000170b217a3e0 Exception <a 'java/lang/NoSuchMethodError'{0x00000000861fb2b8}: 'void java.lang.invoke.DirectMethodHandle$Holder.invokeVirtual(java.lang.Object, java.lang.Object)'> (0x00000000861fb2b8) 
thrown [e:\jenkins\tmp\workspace\build\src\src\hotspot\share\interpreter\linkResolver.cpp, line 766]

VM Operations (20 events):
Event: 5.840 Executing VM operation: G1CollectForAllocation done
Event: 6.009 Executing VM operation: HandshakeAllThreads
Event: 6.009 Executing VM operation: HandshakeAllThreads done
Event: 6.158 Executing VM operation: G1CollectForAllocation
Event: 6.161 Executing VM operation: G1CollectForAllocation done
Event: 6.242 Executing VM operation: HandshakeAllThreads
Event: 6.242 Executing VM operation: HandshakeAllThreads done
Event: 6.363 Executing VM operation: HandshakeAllThreads
Event: 6.363 Executing VM operation: HandshakeAllThreads done
Event: 6.423 Executing VM operation: HandshakeAllThreads
Event: 6.423 Executing VM operation: HandshakeAllThreads done
Event: 6.462 Executing VM operation: HandshakeAllThreads
Event: 6.462 Executing VM operation: HandshakeAllThreads done
Event: 6.463 Executing VM operation: HandshakeAllThreads
Event: 6.463 Executing VM operation: HandshakeAllThreads done
Event: 6.485 Executing VM operation: G1CollectForAllocation
Event: 6.489 Executing VM operation: G1CollectForAllocation done
Event: 6.491 Executing VM operation: HandshakeAllThreads
Event: 6.491 Executing VM operation: HandshakeAllThreads done
Event: 6.664 Executing VM operation: CollectForMetadataAllocation

Events (20 events):
Event: 6.649 loading class java/lang/IllegalThreadStateException done
Event: 6.650 loading class java/nio/channels/CancelledKeyException
Event: 6.650 loading class java/nio/channels/CancelledKeyException done
Event: 6.651 loading class java/nio/channels/Selector
Event: 6.651 loading class java/nio/channels/Selector done
Event: 6.651 loading class sun/nio/ch/WEPollSelectorImpl
Event: 6.651 loading class sun/nio/ch/SelectorImpl
Event: 6.651 loading class java/nio/channels/spi/AbstractSelector
Event: 6.651 loading class java/nio/channels/spi/AbstractSelector done
Event: 6.651 loading class sun/nio/ch/SelectorImpl done
Event: 6.651 loading class sun/nio/ch/WEPollSelectorImpl done
Event: 6.652 loading class java/lang/invoke/VarHandleBooleans$FieldInstanceReadWrite
Event: 6.652 loading class java/lang/invoke/VarHandleBooleans$FieldInstanceReadOnly
Event: 6.652 loading class java/lang/invoke/VarHandleBooleans$FieldInstanceReadOnly done
Event: 6.652 loading class java/lang/invoke/VarHandleBooleans$FieldInstanceReadWrite done
Event: 6.652 loading class sun/nio/ch/Util$2
Event: 6.652 loading class sun/nio/ch/Util$2 done
Event: 6.653 loading class sun/nio/ch/WEPoll
Event: 6.653 loading class sun/nio/ch/WEPoll done
Event: 6.664 loading class sun/nio/ch/PipeImpl


Dynamic libraries:
0x00007ff70a560000 - 0x00007ff70a56e000 	C:\Users\Bills\Documents\sts-4.13.0.RELEASE\plugins\org.eclipse.justj.openjdk.hotspot.jre.full.win32.x86_64_17.0.1.v20211116-1657\jre\bin\javaw.exe
0x00007ffb8dbb0000 - 0x00007ffb8dda5000 	C:\Windows\SYSTEM32\ntdll.dll
0x00007ffb8da10000 - 0x00007ffb8dace000 	C:\Windows\System32\KERNEL32.DLL
0x00007ffb8b420000 - 0x00007ffb8b6e8000 	C:\Windows\System32\KERNELBASE.dll
0x00007ffb8baf0000 - 0x00007ffb8bbf0000 	C:\Windows\System32\ucrtbase.dll
0x00007ffb619d0000 - 0x00007ffb619e9000 	C:\Users\Bills\Documents\sts-4.13.0.RELEASE\plugins\org.eclipse.justj.openjdk.hotspot.jre.full.win32.x86_64_17.0.1.v20211116-1657\jre\bin\VCRUNTIME140.dll
0x00007ffb61080000 - 0x00007ffb61098000 	C:\Users\Bills\Documents\sts-4.13.0.RELEASE\plugins\org.eclipse.justj.openjdk.hotspot.jre.full.win32.x86_64_17.0.1.v20211116-1657\jre\bin\jli.dll
0x00007ffb8c420000 - 0x00007ffb8c5c1000 	C:\Windows\System32\USER32.dll
0x00007ffb8b6f0000 - 0x00007ffb8b712000 	C:\Windows\System32\win32u.dll
0x00007ffb74490000 - 0x00007ffb7472a000 	C:\Windows\WinSxS\amd64_microsoft.windows.common-controls_6595b64144ccf1df_6.0.19041.1110_none_60b5254171f9507e\COMCTL32.dll
0x00007ffb8dad0000 - 0x00007ffb8db6e000 	C:\Windows\System32\msvcrt.dll
0x00007ffb8cdf0000 - 0x00007ffb8ce1b000 	C:\Windows\System32\GDI32.dll
0x00007ffb8b750000 - 0x00007ffb8b85d000 	C:\Windows\System32\gdi32full.dll
0x00007ffb8b860000 - 0x00007ffb8b8fd000 	C:\Windows\System32\msvcp_win.dll
0x00007ffb8c250000 - 0x00007ffb8c280000 	C:\Windows\System32\IMM32.DLL
0x00007ffb86d80000 - 0x00007ffb86d8c000 	C:\Users\Bills\Documents\sts-4.13.0.RELEASE\plugins\org.eclipse.justj.openjdk.hotspot.jre.full.win32.x86_64_17.0.1.v20211116-1657\jre\bin\vcruntime140_1.dll
0x00007ffb57d80000 - 0x00007ffb57e11000 	C:\Users\Bills\Documents\sts-4.13.0.RELEASE\plugins\org.eclipse.justj.openjdk.hotspot.jre.full.win32.x86_64_17.0.1.v20211116-1657\jre\bin\msvcp140.dll
0x00007ffb3ea50000 - 0x00007ffb3f696000 	C:\Users\Bills\Documents\sts-4.13.0.RELEASE\plugins\org.eclipse.justj.openjdk.hotspot.jre.full.win32.x86_64_17.0.1.v20211116-1657\jre\bin\server\jvm.dll
0x00007ffb8d8b0000 - 0x00007ffb8d95c000 	C:\Windows\System32\ADVAPI32.dll
0x00007ffb8c280000 - 0x00007ffb8c31b000 	C:\Windows\System32\sechost.dll
0x00007ffb8cfe0000 - 0x00007ffb8d10a000 	C:\Windows\System32\RPCRT4.dll
0x00007ffb8c3b0000 - 0x00007ffb8c3b8000 	C:\Windows\System32\PSAPI.DLL
0x00007ffb87e40000 - 0x00007ffb87e49000 	C:\Windows\SYSTEM32\WSOCK32.dll
0x00007ffb79360000 - 0x00007ffb79387000 	C:\Windows\SYSTEM32\WINMM.dll
0x00007ffb8d320000 - 0x00007ffb8d38b000 	C:\Windows\System32\WS2_32.dll
0x00007ffb85290000 - 0x00007ffb8529a000 	C:\Windows\SYSTEM32\VERSION.dll
0x00007ffb891d0000 - 0x00007ffb891e2000 	C:\Windows\SYSTEM32\kernel.appcore.dll
0x00007ffb883a0000 - 0x00007ffb883aa000 	C:\Users\Bills\Documents\sts-4.13.0.RELEASE\plugins\org.eclipse.justj.openjdk.hotspot.jre.full.win32.x86_64_17.0.1.v20211116-1657\jre\bin\jimage.dll
0x00007ffb7afe0000 - 0x00007ffb7b1c4000 	C:\Windows\SYSTEM32\DBGHELP.DLL
0x00007ffb7a6d0000 - 0x00007ffb7a6fc000 	C:\Windows\SYSTEM32\dbgcore.DLL
0x00007ffb8ba60000 - 0x00007ffb8bae2000 	C:\Windows\System32\bcryptPrimitives.dll
0x00007ffb62ec0000 - 0x00007ffb62ee5000 	C:\Users\Bills\Documents\sts-4.13.0.RELEASE\plugins\org.eclipse.justj.openjdk.hotspot.jre.full.win32.x86_64_17.0.1.v20211116-1657\jre\bin\java.dll
0x00007ffb7cff0000 - 0x00007ffb7d008000 	C:\Users\Bills\Documents\sts-4.13.0.RELEASE\plugins\org.eclipse.justj.openjdk.hotspot.jre.full.win32.x86_64_17.0.1.v20211116-1657\jre\bin\zip.dll
0x00007ffb8c5d0000 - 0x00007ffb8cd14000 	C:\Windows\System32\SHELL32.dll
0x00007ffb893d0000 - 0x00007ffb89b64000 	C:\Windows\SYSTEM32\windows.storage.dll
0x00007ffb8d3f0000 - 0x00007ffb8d745000 	C:\Windows\System32\combase.dll
0x00007ffb8ac40000 - 0x00007ffb8ac6e000 	C:\Windows\SYSTEM32\Wldp.dll
0x00007ffb8d960000 - 0x00007ffb8da0d000 	C:\Windows\System32\SHCORE.dll
0x00007ffb8d390000 - 0x00007ffb8d3e5000 	C:\Windows\System32\shlwapi.dll
0x00007ffb8b200000 - 0x00007ffb8b21f000 	C:\Windows\SYSTEM32\profapi.dll
0x00007ffb7a810000 - 0x00007ffb7a829000 	C:\Users\Bills\Documents\sts-4.13.0.RELEASE\plugins\org.eclipse.justj.openjdk.hotspot.jre.full.win32.x86_64_17.0.1.v20211116-1657\jre\bin\net.dll
0x00007ffb81160000 - 0x00007ffb8126c000 	C:\Windows\SYSTEM32\WINHTTP.dll
0x00007ffb8a9a0000 - 0x00007ffb8aa0a000 	C:\Windows\system32\mswsock.dll
0x00007ffb795a0000 - 0x00007ffb795b5000 	C:\Users\Bills\Documents\sts-4.13.0.RELEASE\plugins\org.eclipse.justj.openjdk.hotspot.jre.full.win32.x86_64_17.0.1.v20211116-1657\jre\bin\nio.dll
0x00007ffb80170000 - 0x00007ffb80179000 	C:\Users\Bills\Documents\sts-4.13.0.RELEASE\plugins\org.eclipse.justj.openjdk.hotspot.jre.full.win32.x86_64_17.0.1.v20211116-1657\jre\bin\management.dll
0x00007ffb7fdd0000 - 0x00007ffb7fddb000 	C:\Users\Bills\Documents\sts-4.13.0.RELEASE\plugins\org.eclipse.justj.openjdk.hotspot.jre.full.win32.x86_64_17.0.1.v20211116-1657\jre\bin\management_ext.dll
0x00007ffb62ea0000 - 0x00007ffb62eb7000 	C:\Windows\system32\napinsp.dll
0x00007ffb62e80000 - 0x00007ffb62e9b000 	C:\Windows\system32\pnrpnsp.dll
0x00007ffb66570000 - 0x00007ffb66585000 	C:\Windows\system32\wshbth.dll
0x00007ffb86d00000 - 0x00007ffb86d1d000 	C:\Windows\system32\NLAapi.dll
0x00007ffb8a690000 - 0x00007ffb8a6cb000 	C:\Windows\SYSTEM32\IPHLPAPI.DLL
0x00007ffb8a730000 - 0x00007ffb8a7fb000 	C:\Windows\SYSTEM32\DNSAPI.dll
0x00007ffb8d1e0000 - 0x00007ffb8d1e8000 	C:\Windows\System32\NSI.dll
0x00007ffb62e60000 - 0x00007ffb62e72000 	C:\Windows\System32\winrnr.dll
0x00007ffb80470000 - 0x00007ffb8047a000 	C:\Windows\System32\rasadhlp.dll
0x00007ffb82c40000 - 0x00007ffb82cbf000 	C:\Windows\System32\fwpuclnt.dll
0x00007ffb8b720000 - 0x00007ffb8b747000 	C:\Windows\System32\bcrypt.dll
0x00007ffb8ab90000 - 0x00007ffb8aba8000 	C:\Windows\SYSTEM32\CRYPTSP.dll
0x00007ffb8a320000 - 0x00007ffb8a354000 	C:\Windows\system32\rsaenh.dll
0x00007ffb8b130000 - 0x00007ffb8b15e000 	C:\Windows\SYSTEM32\USERENV.dll
0x00007ffb8abb0000 - 0x00007ffb8abbc000 	C:\Windows\SYSTEM32\CRYPTBASE.dll
0x00007ffb834d0000 - 0x00007ffb834e7000 	C:\Windows\SYSTEM32\dhcpcsvc6.DLL
0x00007ffb834b0000 - 0x00007ffb834cd000 	C:\Windows\SYSTEM32\dhcpcsvc.DLL
0x00007ffb87e20000 - 0x00007ffb87e30000 	C:\Users\Bills\Documents\sts-4.13.0.RELEASE\plugins\org.eclipse.justj.openjdk.hotspot.jre.full.win32.x86_64_17.0.1.v20211116-1657\jre\bin\verify.dll

dbghelp: loaded successfully - version: 4.0.5 - missing functions: none
symbol engine: initialized successfully - sym options: 0x614 - pdb path: .;C:\Users\Bills\Documents\sts-4.13.0.RELEASE\plugins\org.eclipse.justj.openjdk.hotspot.jre.full.win32.x86_64_17.0.1.v20211116-1657\jre\bin;C:\Windows\SYSTEM32;C:\Windows\WinSxS\amd64_microsoft.windows.common-controls_6595b64144ccf1df_6.0.19041.1110_none_60b5254171f9507e;C:\Users\Bills\Documents\sts-4.13.0.RELEASE\plugins\org.eclipse.justj.openjdk.hotspot.jre.full.win32.x86_64_17.0.1.v20211116-1657\jre\bin\server

VM Arguments:
jvm_args: -Dcom.sun.management.jmxremote -Dcom.sun.management.jmxremote.port=60077 -Dcom.sun.management.jmxremote.authenticate=false -Dcom.sun.management.jmxremote.ssl=false -Djava.rmi.server.hostname=localhost -Dspring.jmx.enabled=true -Dspring.application.admin.enabled=true -XX:TieredStopAtLevel=1 -Dspring.boot.project.name=dsmovie -Dfile.encoding=UTF-8 -XX:+ShowCodeDetailsInExceptionMessages 
java_command: com.devsuperior.dsmovie.DsmovieApplication --spring.output.ansi.enabled=always
java_class_path (initial): C:\projetos\dsmovie\backend\target\classes;C:\Users\Bills\.m2\repository\org\springframework\boot\spring-boot-starter-data-jpa\2.6.2\spring-boot-starter-data-jpa-2.6.2.jar;C:\Users\Bills\.m2\repository\org\springframework\boot\spring-boot-starter-aop\2.6.2\spring-boot-starter-aop-2.6.2.jar;C:\Users\Bills\.m2\repository\org\aspectj\aspectjweaver\1.9.7\aspectjweaver-1.9.7.jar;C:\Users\Bills\.m2\repository\org\springframework\boot\spring-boot-starter-jdbc\2.6.2\spring-boot-starter-jdbc-2.6.2.jar;C:\Users\Bills\.m2\repository\com\zaxxer\HikariCP\4.0.3\HikariCP-4.0.3.jar;C:\Users\Bills\.m2\repository\org\springframework\spring-jdbc\5.3.14\spring-jdbc-5.3.14.jar;C:\Users\Bills\.m2\repository\jakarta\transaction\jakarta.transaction-api\1.3.3\jakarta.transaction-api-1.3.3.jar;C:\Users\Bills\.m2\repository\jakarta\persistence\jakarta.persistence-api\2.2.3\jakarta.persistence-api-2.2.3.jar;C:\Users\Bills\.m2\repository\org\hibernate\hibernate-core\5.6.3.Final\hibernate-core-5.6.3.Final.jar;C:\Users\Bills\.m2\repository\org\jboss\logging\jboss-logging\3.4.2.Final\jboss-logging-3.4.2.Final.jar;C:\Users\Bills\.m2\repository\net\bytebuddy\byte-buddy\1.11.22\byte-buddy-1.11.22.jar;C:\Users\Bills\.m2\repository\antlr\antlr\2.7.7\antlr-2.7.7.jar;C:\Users\Bills\.m2\repository\org\jboss\jandex\2.2.3.Final\jandex-2.2.3.Final.jar;C:\Users\Bills\.m2\repository\com\fasterxml\classmate\1.5.1\classmate-1.5.1.jar;C:\Users\Bills\.m2\repository\org\hibernate\common\hibernate-commons-annotations\5.1.2.Final\hibernate-commons-annotations-5.1.2.Final.jar;C:\Users\Bills\.m2\repository\org\glassfish\jaxb\jaxb-runtime\2.3.5\jaxb-runtime-2.3.5.jar;C:\Users\Bills\.m2\repository\org\glassfish\jaxb\txw2\2.3.5\txw2-2.3.5.jar;C:\Users\Bills\.m2\repository\com\sun\istack\istack-commons-runtime\3.0.12\istack-commons-runtime-3.0.12.jar;C:\Users\Bills\.m2\repository\com\sun\activation\jakarta.activation\1.2.2\jakarta.activation-1.2.2.jar;C:\Users\Bills\.m2\repository\org\springfra
Launcher Type: SUN_STANDARD

[Global flags]
     intx CICompilerCount                          = 3                                         {product} {ergonomic}
     uint ConcGCThreads                            = 2                                         {product} {ergonomic}
     uint G1ConcRefinementThreads                  = 6                                         {product} {ergonomic}
   size_t G1HeapRegionSize                         = 1048576                                   {product} {ergonomic}
    uintx GCDrainStackTargetSize                   = 64                                        {product} {ergonomic}
   size_t InitialHeapSize                          = 132120576                                 {product} {ergonomic}
     bool ManagementServer                         = true                                      {product} {command line}
   size_t MarkStackSize                            = 4194304                                   {product} {ergonomic}
   size_t MaxHeapSize                              = 2101346304                                {product} {ergonomic}
   size_t MaxNewSize                               = 1260388352                                {product} {ergonomic}
   size_t MinHeapDeltaBytes                        = 1048576                                   {product} {ergonomic}
   size_t MinHeapSize                              = 8388608                                   {product} {ergonomic}
    uintx NonProfiledCodeHeapSize                  = 0                                      {pd product} {ergonomic}
     bool ProfileInterpreter                       = false                                  {pd product} {command line}
    uintx ProfiledCodeHeapSize                     = 0                                      {pd product} {ergonomic}
     bool ShowCodeDetailsInExceptionMessages       = true                                   {manageable} {command line}
   size_t SoftMaxHeapSize                          = 2101346304                             {manageable} {ergonomic}
     intx TieredStopAtLevel                        = 1                                         {product} {command line}
     bool UseCompressedClassPointers               = true                           {product lp64_product} {ergonomic}
     bool UseCompressedOops                        = true                           {product lp64_product} {ergonomic}
     bool UseG1GC                                  = true                                      {product} {ergonomic}
     bool UseLargePagesIndividualAllocation        = false                                  {pd product} {ergonomic}

Logging:
Log output configuration:
 #0: stdout all=warning uptime,level,tags
 #1: stderr all=off uptime,level,tags

Environment Variables:
JAVA_HOME=C:\Program Files\Java\zulu11.45.27-ca-jdk11.0.10-win_x64
PATH=C:/Users/Bills/Documents/sts-4.13.0.RELEASE//plugins/org.eclipse.justj.openjdk.hotspot.jre.full.win32.x86_64_17.0.1.v20211116-1657/jre/bin/server;C:/Users/Bills/Documents/sts-4.13.0.RELEASE//plugins/org.eclipse.justj.openjdk.hotspot.jre.full.win32.x86_64_17.0.1.v20211116-1657/jre/bin;C:\Program Files\Java\zulu11.45.27-ca-jdk11.0.10-win_x64\bin;C:\Program Files (x86)\Common Files\Oracle\Java\javapath;C:\Windows\system32;C:\Windows;C:\Windows\System32\Wbem;C:\Windows\System32\WindowsPowerShell\v1.0\;C:\Windows\System32\OpenSSH\;C:\Program Files\Java\jre1.8.0_251;C:\Program Files\dotnet\;C:\ProgramData\chocolatey\bin;C:\Program Files\Git\cmd;C:\Program Files\nodejs\;C:\Users\Bills\AppData\Local\Microsoft\WindowsApps;C:\Users\Bills\AppData\Local\Programs\Microsoft VS Code\bin;C:\Users\Bills\AppData\Local\GitHubDesktop\bin;C:\Users\Bills\AppData\Roaming\npm;C:\Users\Bills\Documents\sts-4.13.0.RELEASE;
USERNAME=Bills
OS=Windows_NT
PROCESSOR_IDENTIFIER=Intel64 Family 6 Model 158 Stepping 10, GenuineIntel



---------------  S Y S T E M  ---------------

OS:
 Windows 10 , 64 bit Build 19041 (10.0.19041.1348)
OS uptime: 15 days 5:09 hours

CPU: total 6 (initial active 6) (6 cores per cpu, 1 threads per core) family 6 model 158 stepping 10 microcode 0xb4, cx8, cmov, fxsr, mmx, 3dnowpref, sse, sse2, sse3, ssse3, sse4.1, sse4.2, popcnt, lzcnt, tsc, tscinvbit, avx, avx2, aes, erms, clmul, bmi1, bmi2, rtm, adx, fma, vzeroupper, clflush, clflushopt

Memory: 4k page, system-wide physical 8015M (298M free)
TotalPageFile size 8015M (AvailPageFile size 14M)
current process WorkingSet (physical memory assigned to process): 184M, peak: 184M
current process commit charge ("private bytes"): 224M, peak: 280M

vm_info: OpenJDK 64-Bit Server VM (17.0.1+12) for windows-amd64 JRE (17.0.1+12), built on Oct 20 2021 07:42:55 by "" with MS VC++ 16.7 (VS2019)

END.
